<?xml version="1.0" encoding="UTF-8"?>
<!-- Generated by org.testng.reporters.JUnitReportReporter -->
<testsuite hostname="Pralay" failures="0" tests="1" name="com.actitime.testcases.TC3_CreateWorkLogout" time="72.244" errors="0" timestamp="2023-08-31T19:52:51 IST" skipped="0">
  <testcase classname="com.actitime.testcases.TC3_CreateWorkLogout" name="creatework" time="72.244"/>
  <system-out>
    <![CDATA[both titles are matching]]>
  </system-out>
</testsuite> <!-- com.actitime.testcases.TC3_CreateWorkLogout -->
