<?xml version="1.0" encoding="UTF-8"?>
<!-- Generated by org.testng.reporters.JUnitReportReporter -->
<testsuite hostname="Pralay" failures="0" tests="1" name="com.actitime.testcases.TC1_ActitimeLoginLogout" time="20.758" errors="0" timestamp="2023-08-31T19:52:51 IST" skipped="0">
  <testcase classname="com.actitime.testcases.TC1_ActitimeLoginLogout" name="loginlogout" time="20.758">
    <system-out>
      <![CDATA[both titles are matching]]>
    </system-out>
  </testcase> <!-- loginlogout -->
  <system-out>
    <![CDATA[both titles are matching]]>
  </system-out>
</testsuite> <!-- com.actitime.testcases.TC1_ActitimeLoginLogout -->
